[0.010s] Invoking command in '/home/laura/hackaton_ws/src/hacka_analaura/build/hacka_analaura': CMAKE_PREFIX_PATH=/home/laura/hackaton_ws/install/drone_mission:/home/laura/laser_uav_system_ws/install/ros2_livox_simulation:/opt/ros/humble:/home/laura/laser_uav_system_ws/install/realsense_gazebo_plugin:/home/laura/laser_uav_system_ws/install/realsense2_description:/home/laura/laser_uav_system_ws/install/realsense2_camera:/home/laura/laser_uav_system_ws/install/realsense2_camera_msgs:/home/laura/laser_uav_system_ws/install/livox_ros_driver2:/home/laura/laser_uav_system_ws/install/laser_uav_simulation /usr/bin/cmake /home/laura/hackaton_ws/src/hacka_analaura -DCMAKE_INSTALL_PREFIX=/home/laura/hackaton_ws/src/hacka_analaura/install/hacka_analaura
[0.080s] -- The C compiler identification is GNU 9.5.0
[0.159s] -- The CXX compiler identification is GNU 9.5.0
[0.167s] -- Detecting C compiler ABI info
[0.225s] -- Detecting C compiler ABI info - done
[0.230s] -- Check for working C compiler: /usr/bin/cc - skipped
[0.231s] -- Detecting C compile features
[0.231s] -- Detecting C compile features - done
[0.234s] -- Detecting CXX compiler ABI info
[0.301s] -- Detecting CXX compiler ABI info - done
[0.307s] -- Check for working CXX compiler: /usr/bin/c++ - skipped
[0.308s] -- Detecting CXX compile features
[0.308s] -- Detecting CXX compile features - done
[0.312s] -- Found ament_cmake: 1.3.11 (/opt/ros/humble/share/ament_cmake/cmake)
[0.602s] -- Found Python3: /usr/bin/python3 (found version "3.10.12") found components: Interpreter 
[0.674s] -- Found rclcpp: 16.0.11 (/opt/ros/humble/share/rclcpp/cmake)
[0.707s] -- Found rosidl_generator_c: 3.1.6 (/opt/ros/humble/share/rosidl_generator_c/cmake)
[0.711s] -- Found rosidl_adapter: 3.1.6 (/opt/ros/humble/share/rosidl_adapter/cmake)
[0.717s] -- Found rosidl_generator_cpp: 3.1.6 (/opt/ros/humble/share/rosidl_generator_cpp/cmake)
[0.727s] -- Using all available rosidl_typesupport_c: rosidl_typesupport_fastrtps_c;rosidl_typesupport_introspection_c
[0.740s] -- Using all available rosidl_typesupport_cpp: rosidl_typesupport_fastrtps_cpp;rosidl_typesupport_introspection_cpp
[0.774s] -- Found rmw_implementation_cmake: 6.1.2 (/opt/ros/humble/share/rmw_implementation_cmake/cmake)
[0.776s] -- Found rmw_fastrtps_cpp: 6.2.7 (/opt/ros/humble/share/rmw_fastrtps_cpp/cmake)
[0.841s] -- Found OpenSSL: /usr/lib/x86_64-linux-gnu/libcrypto.so (found version "3.0.2")  
[0.862s] -- Found FastRTPS: /opt/ros/humble/include  
[0.889s] -- Using RMW implementation 'rmw_fastrtps_cpp' as default
[0.897s] -- Looking for pthread.h
[0.961s] -- Looking for pthread.h - found
[0.961s] -- Performing Test CMAKE_HAVE_LIBC_PTHREAD
[1.014s] -- Performing Test CMAKE_HAVE_LIBC_PTHREAD - Success
[1.015s] -- Found Threads: TRUE  
[1.059s] -- Found rclcpp_lifecycle: 16.0.11 (/opt/ros/humble/share/rclcpp_lifecycle/cmake)
[1.075s] -- Found rclcpp_components: 16.0.11 (/opt/ros/humble/share/rclcpp_components/cmake)
[1.097s] -- Found std_srvs: 4.2.4 (/opt/ros/humble/share/std_srvs/cmake)
[1.105s] -- Found ament_lint_auto: 0.12.11 (/opt/ros/humble/share/ament_lint_auto/cmake)
[1.165s] -- Added test 'cppcheck' to perform static code analysis on C / C++ code
[1.165s] -- Configured cppcheck include dirs: /home/laura/hackaton_ws/src/hacka_analaura/include
[1.165s] -- Configured cppcheck exclude dirs and/or files: 
[1.166s] -- Added test 'flake8' to check Python code syntax and style conventions
[1.167s] -- Added test 'lint_cmake' to check CMake code style
[1.168s] -- Added test 'pep257' to check Python code against some of the docstring style conventions in PEP 257
[1.172s] -- Added test 'uncrustify' to check C / C++ code style
[1.172s] -- Configured uncrustify additional arguments: 
[1.173s] -- Added test 'xmllint' to check XML markup files
[1.174s] -- Configuring done
[1.177s] -- Generating done
[1.179s] -- Build files have been written to: /home/laura/hackaton_ws/src/hacka_analaura/build/hacka_analaura
[1.186s] Invoked command in '/home/laura/hackaton_ws/src/hacka_analaura/build/hacka_analaura' returned '0': CMAKE_PREFIX_PATH=/home/laura/hackaton_ws/install/drone_mission:/home/laura/laser_uav_system_ws/install/ros2_livox_simulation:/opt/ros/humble:/home/laura/laser_uav_system_ws/install/realsense_gazebo_plugin:/home/laura/laser_uav_system_ws/install/realsense2_description:/home/laura/laser_uav_system_ws/install/realsense2_camera:/home/laura/laser_uav_system_ws/install/realsense2_camera_msgs:/home/laura/laser_uav_system_ws/install/livox_ros_driver2:/home/laura/laser_uav_system_ws/install/laser_uav_simulation /usr/bin/cmake /home/laura/hackaton_ws/src/hacka_analaura -DCMAKE_INSTALL_PREFIX=/home/laura/hackaton_ws/src/hacka_analaura/install/hacka_analaura
[1.187s] Invoking command in '/home/laura/hackaton_ws/src/hacka_analaura/build/hacka_analaura': CMAKE_PREFIX_PATH=/home/laura/hackaton_ws/install/drone_mission:/home/laura/laser_uav_system_ws/install/ros2_livox_simulation:/opt/ros/humble:/home/laura/laser_uav_system_ws/install/realsense_gazebo_plugin:/home/laura/laser_uav_system_ws/install/realsense2_description:/home/laura/laser_uav_system_ws/install/realsense2_camera:/home/laura/laser_uav_system_ws/install/realsense2_camera_msgs:/home/laura/laser_uav_system_ws/install/livox_ros_driver2:/home/laura/laser_uav_system_ws/install/laser_uav_simulation /usr/bin/cmake --build /home/laura/hackaton_ws/src/hacka_analaura/build/hacka_analaura -- -j8 -l8
[1.223s] [ 50%] [32mBuilding CXX object CMakeFiles/hacka_analaura.dir/src/mission_main.cpp.o[0m
[1.247s] In file included from [01m[K/home/laura/hackaton_ws/src/hacka_analaura/src/mission_main.cpp:1[m[K:
[1.247s] [01m[K/home/laura/hackaton_ws/src/hacka_analaura/include/hacka_analaura/mission_node.hpp:8:10:[m[K [01;31m[Kfatal error: [m[Krclcpp/rclcpp.hpp: No such file or directory
[1.247s]     8 | #include [01;31m[K"rclcpp/rclcpp.hpp"[m[K
[1.247s]       |          [01;31m[K^~~~~~~~~~~~~~~~~~~[m[K
[1.247s] compilation terminated.
[1.248s] gmake[2]: *** [CMakeFiles/hacka_analaura.dir/build.make:76: CMakeFiles/hacka_analaura.dir/src/mission_main.cpp.o] Error 1
[1.248s] gmake[1]: *** [CMakeFiles/Makefile2:137: CMakeFiles/hacka_analaura.dir/all] Error 2
[1.248s] gmake: *** [Makefile:146: all] Error 2
[1.250s] Invoked command in '/home/laura/hackaton_ws/src/hacka_analaura/build/hacka_analaura' returned '2': CMAKE_PREFIX_PATH=/home/laura/hackaton_ws/install/drone_mission:/home/laura/laser_uav_system_ws/install/ros2_livox_simulation:/opt/ros/humble:/home/laura/laser_uav_system_ws/install/realsense_gazebo_plugin:/home/laura/laser_uav_system_ws/install/realsense2_description:/home/laura/laser_uav_system_ws/install/realsense2_camera:/home/laura/laser_uav_system_ws/install/realsense2_camera_msgs:/home/laura/laser_uav_system_ws/install/livox_ros_driver2:/home/laura/laser_uav_system_ws/install/laser_uav_simulation /usr/bin/cmake --build /home/laura/hackaton_ws/src/hacka_analaura/build/hacka_analaura -- -j8 -l8
