[ 25%] [32mBuilding CXX object CMakeFiles/hacka_analaura_library.dir/src/mission_main.cpp.o[0m
[01m[K/home/laura/hackaton_ws/src/hacka_analaura/src/mission_main.cpp:[m[K In function â€˜[01m[Kint main(int, char**)[m[Kâ€™:
[01m[K/home/laura/hackaton_ws/src/hacka_analaura/src/mission_main.cpp:8:16:[m[K [01;31m[Kerror: [m[Kâ€˜[01m[Knode[m[Kâ€™ was not declared in this scope
    8 |   rclcpp::spin([01;31m[Knode[m[K->get_node_base_interface());
      |                [01;31m[K^~~~[m[K
gmake[2]: *** [CMakeFiles/hacka_analaura_library.dir/build.make:76: CMakeFiles/hacka_analaura_library.dir/src/mission_main.cpp.o] Error 1
gmake[1]: *** [CMakeFiles/Makefile2:139: CMakeFiles/hacka_analaura_library.dir/all] Error 2
gmake: *** [Makefile:146: all] Error 2
